%17 = 000001ea
%19 = 0000029b
%21 = 00000001
miniz.c version: 11.0.2
%25 = 0000029b
%27 = 000001ea
%39 = 000001ea
%3 = 000001ea
%12 = 000001ea
%3 = 000001ea
%4 = ffffffff
%14 = 000001ea
%16 = 0000029b
%17 = 000003fb
%18 = 00000000
%23 = 000001ea
%24 = 000001ea
%29 = 0000029b
%30 = 0000029b
%32 = ffffffff
%34 = 00000000
%35 = 00000000
%40 = 00000001
%41 = 00000000
%53 = 00000051
%55 = 00000000
%57 = 00000000
%41 = 00000000
%48 = 000001ea
%50 = 00000051
Compressed from 490 to 81 bytes
%53 = 00000000
%83 = 00000051
%85 = 00000000
%88 = 00000000
%90 = 00000000
%97 = 00000000
%104 = 00000051
%106 = 000001ea
Decompressed from 81 to 490 bytes
%109 = 000001ea
%110 = 000001ea
%115 = 000001ea
%126 = 00000000
%129 = 00000001
Success.
%134 = 00000000
